[Thu Dec  4 10:00:57 PM +06 2025] [jisan] [INFO] Logs cleared by user.
[2025-12-04 22:01:28] [MONITOR] Admin viewed System Health Dashboard
[2025-12-04 22:02:48] [SYSTEM] Admin session ended
[2025-12-04 22:15:46] [SYSTEM] Admin session started
[2025-12-04 22:24:06] [SYSTEM] Admin session ended
[2025-12-04 22:24:13] [SYSTEM] Admin session started
[2025-12-04 22:31:13] [SYSTEM] Admin session ended
[2025-12-04 22:31:48] [SYSTEM] Admin session started
[2025-12-04 22:31:51] [SYSTEM] Input Error: Invalid menu choice 'l'
[2025-12-04 22:41:40] [SYSTEM] Admin session ended
[2025-12-04 22:41:51] [SYSTEM] Admin session started
[2025-12-05 21:10:52] [SYSTEM] Admin session started
[2025-12-05 21:11:01] [MONITOR] Admin viewed System Health Dashboard
[2025-12-05 21:12:06] [SYSTEM] Admin session ended
[2025-12-05 21:38:00] [SYSTEM] Admin session started
[2025-12-05 21:49:45] [SYSTEM] Admin session ended
[2025-12-05 21:49:52] [SYSTEM] Admin session started
[2025-12-05 21:49:55] [MONITOR] Admin viewed System Health Dashboard
[2025-12-05 21:50:23] [MONITOR] Admin viewed System Health Dashboard
[2025-12-05 21:55:27] [SYSTEM] Admin session ended
[2025-12-05 21:55:37] [SYSTEM] Admin session started
[2025-12-05 21:55:44] [SYSTEM] Admin session ended
[2025-12-05 22:01:56] [SYSTEM] Admin session started
[2025-12-05 22:03:44] [MONITOR] Admin viewed System Health Dashboard
[2025-12-05 22:04:05] [SYSTEM] Admin session ended
